<?xml version="1.0" encoding="UTF-8"?>
<testng-results ignored="0" total="5" passed="5" failed="0" skipped="0">
  <reporter-output>
  </reporter-output>
  <suite started-at="2024-11-08T09:35:22 IST" name="AutomationSuite" finished-at="2024-11-08T09:35:37 IST" duration-ms="14736">
    <groups>
    </groups>
    <test started-at="2024-11-08T09:35:22 IST" name="Register Demo Flow" finished-at="2024-11-08T09:35:37 IST" duration-ms="14736">
      <class name="com.automation.registerdemoflow.RegisterDemoFlow">
        <test-method signature="launchApplication()[pri:1, instance:com.automation.registerdemoflow.RegisterDemoFlow@5ae50ce6]" started-at="2024-11-08T09:35:22 IST" name="launchApplication" finished-at="2024-11-08T09:35:28 IST" duration-ms="5770" status="PASS">
          <reporter-output>
          </reporter-output>
        </test-method> <!-- launchApplication -->
        <test-method signature="navigationToRegisterPage()[pri:2, instance:com.automation.registerdemoflow.RegisterDemoFlow@5ae50ce6]" started-at="2024-11-08T09:35:28 IST" name="navigationToRegisterPage" finished-at="2024-11-08T09:35:30 IST" duration-ms="2130" status="PASS">
          <reporter-output>
          </reporter-output>
        </test-method> <!-- navigationToRegisterPage -->
        <test-method signature="registerUser()[pri:3, instance:com.automation.registerdemoflow.RegisterDemoFlow@5ae50ce6]" started-at="2024-11-08T09:35:30 IST" name="registerUser" finished-at="2024-11-08T09:35:36 IST" duration-ms="6491" status="PASS">
          <reporter-output>
          </reporter-output>
        </test-method> <!-- registerUser -->
        <test-method signature="verifySuccessfulMessage()[pri:4, instance:com.automation.registerdemoflow.RegisterDemoFlow@5ae50ce6]" started-at="2024-11-08T09:35:36 IST" name="verifySuccessfulMessage" finished-at="2024-11-08T09:35:37 IST" duration-ms="59" status="PASS">
          <reporter-output>
          </reporter-output>
        </test-method> <!-- verifySuccessfulMessage -->
        <test-method signature="closeApplicaton()[pri:5, instance:com.automation.registerdemoflow.RegisterDemoFlow@5ae50ce6]" started-at="2024-11-08T09:35:37 IST" name="closeApplicaton" finished-at="2024-11-08T09:35:37 IST" duration-ms="230" status="PASS">
          <reporter-output>
          </reporter-output>
        </test-method> <!-- closeApplicaton -->
      </class> <!-- com.automation.registerdemoflow.RegisterDemoFlow -->
    </test> <!-- Register Demo Flow -->
  </suite> <!-- AutomationSuite -->
</testng-results>
