<?xml version="1.0" encoding="UTF-8"?>
<!-- Generated by org.testng.reporters.JUnitXMLReporter -->
<testsuite ignored="0" hostname="VinothR" failures="0" tests="5" name="Register Demo Flow" time="12.924" errors="0" timestamp="2024-11-08T09:26:36 IST">
  <testcase classname="com.automation.registerdemoflow.RegisterDemoFlow" name="launchApplication" time="5.292"/>
  <testcase classname="com.automation.registerdemoflow.RegisterDemoFlow" name="navigationToRegisterPage" time="1.334"/>
  <testcase classname="com.automation.registerdemoflow.RegisterDemoFlow" name="registerUser" time="6.014"/>
  <testcase classname="com.automation.registerdemoflow.RegisterDemoFlow" name="verifySuccessfulMessage" time="0.05"/>
  <testcase classname="com.automation.registerdemoflow.RegisterDemoFlow" name="closeApplicaton" time="0.19"/>
</testsuite> <!-- Register Demo Flow -->
