<?xml version="1.0" encoding="UTF-8"?>
<testng-results ignored="0" total="5" passed="5" failed="0" skipped="0">
  <reporter-output>
  </reporter-output>
  <suite started-at="2024-11-08T09:26:23 IST" name="AutomationSuite" finished-at="2024-11-08T09:26:36 IST" duration-ms="12924">
    <groups>
    </groups>
    <test started-at="2024-11-08T09:26:23 IST" name="Register Demo Flow" finished-at="2024-11-08T09:26:36 IST" duration-ms="12924">
      <class name="com.automation.registerdemoflow.RegisterDemoFlow">
        <test-method signature="launchApplication()[pri:1, instance:com.automation.registerdemoflow.RegisterDemoFlow@49049a04]" started-at="2024-11-08T09:26:23 IST" name="launchApplication" finished-at="2024-11-08T09:26:29 IST" duration-ms="5292" status="PASS">
          <reporter-output>
          </reporter-output>
        </test-method> <!-- launchApplication -->
        <test-method signature="navigationToRegisterPage()[pri:2, instance:com.automation.registerdemoflow.RegisterDemoFlow@49049a04]" started-at="2024-11-08T09:26:29 IST" name="navigationToRegisterPage" finished-at="2024-11-08T09:26:30 IST" duration-ms="1334" status="PASS">
          <reporter-output>
          </reporter-output>
        </test-method> <!-- navigationToRegisterPage -->
        <test-method signature="registerUser()[pri:3, instance:com.automation.registerdemoflow.RegisterDemoFlow@49049a04]" started-at="2024-11-08T09:26:30 IST" name="registerUser" finished-at="2024-11-08T09:26:36 IST" duration-ms="6014" status="PASS">
          <reporter-output>
          </reporter-output>
        </test-method> <!-- registerUser -->
        <test-method signature="verifySuccessfulMessage()[pri:4, instance:com.automation.registerdemoflow.RegisterDemoFlow@49049a04]" started-at="2024-11-08T09:26:36 IST" name="verifySuccessfulMessage" finished-at="2024-11-08T09:26:36 IST" duration-ms="50" status="PASS">
          <reporter-output>
          </reporter-output>
        </test-method> <!-- verifySuccessfulMessage -->
        <test-method signature="closeApplicaton()[pri:5, instance:com.automation.registerdemoflow.RegisterDemoFlow@49049a04]" started-at="2024-11-08T09:26:36 IST" name="closeApplicaton" finished-at="2024-11-08T09:26:36 IST" duration-ms="190" status="PASS">
          <reporter-output>
          </reporter-output>
        </test-method> <!-- closeApplicaton -->
      </class> <!-- com.automation.registerdemoflow.RegisterDemoFlow -->
    </test> <!-- Register Demo Flow -->
  </suite> <!-- AutomationSuite -->
</testng-results>
